<?xml version="1.0" encoding="UTF-8"?>
<coverage generated="1647068495486" clover="3.2.0">
  <project timestamp="1647068495486" name="All files">
    <metrics statements="5" coveredstatements="3" conditionals="0" coveredconditionals="0" methods="3" coveredmethods="1" elements="8" coveredelements="4" complexity="0" loc="5" ncloc="5" packages="1" files="1" classes="1"/>
    <file name="App.js" path="C:\Users\ruggi\Documents\GitHub\Zurf\frontend\src\App.js">
      <metrics statements="5" coveredstatements="3" conditionals="0" coveredconditionals="0" methods="3" coveredmethods="1"/>
      <line num="15" count="1" type="stmt"/>
      <line num="22" count="6" type="stmt"/>
      <line num="25" count="0" type="stmt"/>
      <line num="29" count="0" type="stmt"/>
      <line num="32" count="6" type="stmt"/>
    </file>
  </project>
</coverage>
