{"C:\\Users\\ruggi\\Documents\\GitHub\\Zurf\\frontend\\src\\App.js": {"path":"C:\\Users\\ruggi\\Documents\\GitHub\\Zurf\\frontend\\src\\App.js","statementMap":{"0":{"start":{"line":15,"column":0},"end":{"line":18,"column":3}},"1":{"start":{"line":22,"column":26},"end":{"line":22,"column":36}},"2":{"start":{"line":25,"column":4},"end":{"line":25,"column":20}},"3":{"start":{"line":29,"column":4},"end":{"line":29,"column":23}},"4":{"start":{"line":32,"column":2},"end":{"line":45,"column":4}}},"fnMap":{"0":{"name":"App","decl":{"start":{"line":20,"column":9},"end":{"line":20,"column":12}},"loc":{"start":{"line":20,"column":15},"end":{"line":46,"column":1}},"line":20},"1":{"name":"getUser","decl":{"start":{"line":24,"column":11},"end":{"line":24,"column":18}},"loc":{"start":{"line":24,"column":27},"end":{"line":26,"column":3}},"line":24},"2":{"name":"clearUser","decl":{"start":{"line":28,"column":11},"end":{"line":28,"column":20}},"loc":{"start":{"line":28,"column":23},"end":{"line":30,"column":3}},"line":28}},"branchMap":{},"s":{"0":1,"1":6,"2":0,"3":0,"4":6},"f":{"0":6,"1":0,"2":0},"b":{},"_coverageSchema":"1a1c01bbd47fc00a2c39e90264f33305004495a9","hash":"f95063671e4ffe333e754d53d3a603ca84c38576"}
}
